


ARM Macro Assembler    Page 1 


    1 00000000         ;Using ARM assembly, Check whether a decimal number stor
                       ed in 4000 0000h is an Armstrong number or not. 
    2 00000000                 AREA             ARMSTRONG, CODE, READONLY
    3 00000000                 ENTRY
    4 00000000         MAIN
    5 00000000 E3A00101        LDR              R0,=0X40000000 ;LOAD THE ADDRES
                                                            S VALUE TO R0 REGIS
                                                            TER
    6 00000004 E5901000        LDR              R1,[R0]     ;LOAD THE CONTENT T
                                                            O REGISTER R1
    7 00000008 E1A03001        MOV              R3,R1       ;KEEP A COPY AT REG
                                                            ISTER R3
    8 0000000C E3A0A000        LDR              R10,=0      ;CLEAR THE CONTENTS
                                                             of R10
    9 00000010         
   10 00000010         LOOP1
   11 00000010 E3510009        CMP              R1,#9       ;CHECK IF THE REMAI
                                                            NDER IS LESS THAN 9
                                                            
   12 00000014 DA000005        BLE              LAST_ITR    ;IF YES THEN PERFOR
                                                            M THE CUBE OPERATIO
                                                            N FOR THE LAST DIGI
                                                            T
   13 00000018 EB000008        BL               DIV         ;BRANCH WITH LINK T
                                                            O DIV
   14 0000001C E0080191        MUL              R8,R1,R1    ;FINDING THE CUBE
   15 00000020 E0090198        MUL              R9,R8,R1    ;STORE THE CUBE IN 
                                                            R9
   16 00000024 E08AA009        ADD              R10,R10,R9  ;ADD THE VALUE AND 
                                                            STORE IN R10
   17 00000028 E1A01002        MOV              R1,R2       ;MOVE TO QUOTIENT B
                                                            ACK TO R1
   18 0000002C EAFFFFF7        B                LOOP1       ;ITERATIVE LOOP
   19 00000030         
   20 00000030         LAST_ITR
   21 00000030 E0080191        MUL              R8,R1,R1    ;FINDING CUBE
   22 00000034 E0090198        MUL              R9,R8,R1    ;STORE THE RESULT I
                                                            N R9
   23 00000038 E08AA009        ADD              R10,R10,R9  ;ADD THE VALUE
   24 0000003C EA000005        B                EN          ;BRANCH TO EN TO CH
                                                            ECK IF THE NUMBER I
                                                            S ARMSTRONG OR NOT
   25 00000040         DIV
   26 00000040 E3A02000        MOV              R2,#0       ;MAKE R2 ZERO
   27 00000044         LOOP
   28 00000044 E3510009        CMP              R1,#9       ;CHECK IF THE REMAI
                                                            NDER IS LESS THAN 9
                                                            
   29 00000048 D12FFF1E        BXLE             LR          ;SUB-ROUTINE IS USE
                                                            D AND WILL BRANCH T
                                                            O THE NEXT INSTRUCT
                                                            ION IF LESS THAN 
   30 0000004C E241100A        SUB              R1,R1,#10   ;REPEATED DIVISION 
                                                            IS PERFORMED
   31 00000050 E2822001        ADD              R2,R2,#1    ;INCREMENTING THE V
                                                            ALUE TO GET THE QUO
                                                            TIENT
   32 00000054 EAFFFFFA        B                LOOP        ;ITERATIVELY PERFOR
                                                            M TILL CONDITION FA



ARM Macro Assembler    Page 2 


                                                            ILS
   33 00000058         EN
   34 00000058 E15A0003        CMP              R10,R3      ;CHECK IF THE NUMBE
                                                            RS ARE EQUAL 
   35 0000005C 1A000000        BNE              STOP        ;IF NOT EQUAL THEN 
                                                            STOP THE EXECUTION 
                                                            
   36 00000060 E3A050FF        LDR              R5,=0XFF    ;ELSE SET R5 TO 1 I
                                                            NDICATING THAT THE 
                                                            NUMBER IS ARMSTRONG
                                                             
   37 00000064 EAFFFFFE 
                       STOP    B                STOP        ;INFINITE LOOP
   38 00000068                 END                          ;END OF EXECUTION
Command Line: --debug --xref --diag_suppress=9931 --apcs=interwork --depend=.\o
bjects\armstrong.d -o.\objects\armstrong.o -IC:\Keil_v5\ARM\RV31\INC -IC:\Keil_
v5\ARM\CMSIS\Include -IC:\Keil_v5\ARM\INC\Philips --predefine="__EVAL SETA 1" -
-predefine="__UVISION_VERSION SETA 529" --list=.\listings\armstrong.lst armstro
ng.asm



ARM Macro Assembler    Page 1 Alphabetic symbol ordering
Relocatable symbols

ARMSTRONG 00000000

Symbol: ARMSTRONG
   Definitions
      At line 2 in file armstrong.asm
   Uses
      None
Comment: ARMSTRONG unused
DIV 00000040

Symbol: DIV
   Definitions
      At line 25 in file armstrong.asm
   Uses
      At line 13 in file armstrong.asm
Comment: DIV used once
EN 00000058

Symbol: EN
   Definitions
      At line 33 in file armstrong.asm
   Uses
      At line 24 in file armstrong.asm
Comment: EN used once
LAST_ITR 00000030

Symbol: LAST_ITR
   Definitions
      At line 20 in file armstrong.asm
   Uses
      At line 12 in file armstrong.asm
Comment: LAST_ITR used once
LOOP 00000044

Symbol: LOOP
   Definitions
      At line 27 in file armstrong.asm
   Uses
      At line 32 in file armstrong.asm
Comment: LOOP used once
LOOP1 00000010

Symbol: LOOP1
   Definitions
      At line 10 in file armstrong.asm
   Uses
      At line 18 in file armstrong.asm
Comment: LOOP1 used once
MAIN 00000000

Symbol: MAIN
   Definitions
      At line 4 in file armstrong.asm
   Uses
      None
Comment: MAIN unused
STOP 00000064

Symbol: STOP



ARM Macro Assembler    Page 2 Alphabetic symbol ordering
Relocatable symbols

   Definitions
      At line 37 in file armstrong.asm
   Uses
      At line 35 in file armstrong.asm
      At line 37 in file armstrong.asm

8 symbols
340 symbols in table
